<?xml version="1.0" encoding="UTF-8"?>
<!-- Generated by org.testng.reporters.JUnitReportReporter -->
<testsuite skipped="0" hostname="hou-jmorah-m" name="com.hostgator.Signuppage" tests="1" failures="0" timestamp="10 Oct 2019 02:51:35 GMT" time="7.225" errors="0">
  <testcase name="bbb" time="7.225" classname="com.hostgator.Signuppage"/>
</testsuite> <!-- com.hostgator.Signuppage -->
