<?xml version="1.0" encoding="UTF-8"?>
<!-- Generated by org.testng.reporters.JUnitReportReporter -->
<testsuite skipped="0" hostname="hou-jmorah-m" name="com.hostgator.DomainTest" tests="4" failures="0" timestamp="09 Oct 2019 23:40:48 GMT" time="0.011" errors="0">
  <testcase name="domainTest3" time="0.001" classname="com.hostgator.DomainTest"/>
  <testcase name="domainTest4" time="0.001" classname="com.hostgator.DomainTest"/>
  <testcase name="domainTest2" time="0.001" classname="com.hostgator.DomainTest"/>
  <testcase name="domainTest1" time="0.008" classname="com.hostgator.DomainTest"/>
</testsuite> <!-- com.hostgator.DomainTest -->
