<?xml version="1.0" encoding="UTF-8"?>
<!-- Generated by org.testng.reporters.JUnitReportReporter -->
<testsuite skipped="0" hostname="hou-jmorah-m" name="com.hostgator.Billing" tests="2" failures="0" timestamp="10 Oct 2019 16:49:28 GMT" time="0.005" errors="0">
  <testcase name="testplaceholder" time="0.004" classname="com.hostgator.Billing"/>
  <testcase name="hgq1127" time="0.001" classname="com.hostgator.Billing"/>
</testsuite> <!-- com.hostgator.Billing -->
