<?xml version="1.0" encoding="UTF-8"?>
<!-- Generated by org.testng.reporters.JUnitReportReporter -->
<testsuite skipped="0" hostname="hou-jmorah-m" name="com.hostgator.Hosting" tests="1" failures="0" timestamp="10 Oct 2019 16:49:28 GMT" time="0.001" errors="0">
  <testcase name="hgq1132" time="0.001" classname="com.hostgator.Hosting"/>
</testsuite> <!-- com.hostgator.Hosting -->
