<?xml version="1.0" encoding="UTF-8"?>
<!-- Generated by org.testng.reporters.JUnitReportReporter -->
<testsuite skipped="0" hostname="hou-jmorah-m" name="com.hostgator.PortalTest" tests="4" failures="0" timestamp="09 Oct 2019 23:40:48 GMT" time="0.002" errors="0">
  <testcase name="portalTest1" time="0.001" classname="com.hostgator.PortalTest"/>
  <testcase name="portalTest2" time="0.000" classname="com.hostgator.PortalTest"/>
  <testcase name="portalTest4" time="0.000" classname="com.hostgator.PortalTest"/>
  <testcase name="portalTest3" time="0.001" classname="com.hostgator.PortalTest"/>
</testsuite> <!-- com.hostgator.PortalTest -->
